2024-12-22 17:58:23,153 INFO  [SpringApplicationShutdownHook] c.a.d.p.DruidDataSource.(): {dataSource-1} closing ...
2024-12-22 17:58:23,168 INFO  [SpringApplicationShutdownHook] c.a.d.p.DruidDataSource.(): {dataSource-1} closed
2024-12-22 17:58:26,526 INFO  [main] c.l.b.BlogApplication.(): Starting BlogApplication using Java 17.0.5 with PID 24084 (G:\SpringBootProduct\Blog\lj-blog-starter\target\classes started by PC in G:\SpringBootProduct\Blog)
2024-12-22 17:58:26,534 INFO  [main] c.l.b.BlogApplication.(): No active profile set, falling back to 1 default profile: "default"
2024-12-22 17:58:27,282 INFO  [main] o.s.b.w.e.t.TomcatWebServer.(): Tomcat initialized with port 8085 (http)
2024-12-22 17:58:27,290 INFO  [main] o.a.c.h.Http11NioProtocol.(): Initializing ProtocolHandler ["http-nio-8085"]
2024-12-22 17:58:27,294 INFO  [main] o.a.c.c.StandardService.(): Starting service [Tomcat]
2024-12-22 17:58:27,295 INFO  [main] o.a.c.c.StandardEngine.(): Starting Servlet engine: [Apache Tomcat/10.1.31]
2024-12-22 17:58:27,351 INFO  [main] o.a.c.c.C.[.[.[/].(): Initializing Spring embedded WebApplicationContext
2024-12-22 17:58:27,351 INFO  [main] o.s.b.w.s.c.ServletWebServerApplicationContext.(): Root WebApplicationContext: initialization completed in 780 ms
2024-12-22 17:58:28,834 INFO  [main] o.a.c.h.Http11NioProtocol.(): Starting ProtocolHandler ["http-nio-8085"]
2024-12-22 17:58:28,846 INFO  [main] o.s.b.w.e.t.TomcatWebServer.(): Tomcat started on port 8085 (http) with context path '/'
2024-12-22 17:58:28,853 INFO  [main] c.l.b.BlogApplication.(): Started BlogApplication in 2.674 seconds (process running for 3.828)
2024-12-22 18:07:23,114 INFO  [SpringApplicationShutdownHook] c.a.d.p.DruidDataSource.(): {dataSource-0} closing ...
2024-12-22 18:07:34,216 INFO  [main] c.l.b.BlogApplication.(): Starting BlogApplication using Java 17.0.5 with PID 24404 (G:\SpringBootProduct\Blog\lj-blog-starter\target\classes started by PC in G:\SpringBootProduct\Blog)
2024-12-22 18:07:34,221 INFO  [main] c.l.b.BlogApplication.(): No active profile set, falling back to 1 default profile: "default"
2024-12-22 18:07:34,669 INFO  [main] o.s.d.r.c.RepositoryConfigurationDelegate.(): Multiple Spring Data modules found, entering strict repository configuration mode
2024-12-22 18:07:34,671 INFO  [main] o.s.d.r.c.RepositoryConfigurationDelegate.(): Bootstrapping Spring Data Redis repositories in DEFAULT mode.
2024-12-22 18:07:34,703 INFO  [main] o.s.d.r.c.RepositoryConfigurationDelegate.(): Finished Spring Data repository scanning in 18 ms. Found 0 Redis repository interfaces.
2024-12-22 18:07:35,194 INFO  [main] o.s.b.w.e.t.TomcatWebServer.(): Tomcat initialized with port 8085 (http)
2024-12-22 18:07:35,202 INFO  [main] o.a.c.h.Http11NioProtocol.(): Initializing ProtocolHandler ["http-nio-8085"]
2024-12-22 18:07:35,210 INFO  [main] o.a.c.c.StandardService.(): Starting service [Tomcat]
2024-12-22 18:07:35,210 INFO  [main] o.a.c.c.StandardEngine.(): Starting Servlet engine: [Apache Tomcat/10.1.31]
2024-12-22 18:07:35,265 INFO  [main] o.a.c.c.C.[.[.[/].(): Initializing Spring embedded WebApplicationContext
2024-12-22 18:07:35,265 INFO  [main] o.s.b.w.s.c.ServletWebServerApplicationContext.(): Root WebApplicationContext: initialization completed in 1011 ms
2024-12-22 18:07:37,063 INFO  [main] o.a.c.h.Http11NioProtocol.(): Starting ProtocolHandler ["http-nio-8085"]
2024-12-22 18:07:37,075 INFO  [main] o.s.b.w.e.t.TomcatWebServer.(): Tomcat started on port 8085 (http) with context path '/'
2024-12-22 18:07:37,080 INFO  [main] c.l.b.BlogApplication.(): Started BlogApplication in 3.162 seconds (process running for 4.147)
2024-12-22 18:08:12,883 INFO  [http-nio-8085-exec-2] o.a.c.c.C.[.[.[/].(): Initializing Spring DispatcherServlet 'dispatcherServlet'
2024-12-22 18:08:12,883 INFO  [http-nio-8085-exec-2] o.s.w.s.DispatcherServlet.(): Initializing Servlet 'dispatcherServlet'
2024-12-22 18:08:12,884 INFO  [http-nio-8085-exec-2] o.s.w.s.DispatcherServlet.(): Completed initialization in 1 ms
2024-12-22 18:08:14,035 ERROR [http-nio-8085-exec-2] o.a.c.c.C.[.[.[.[dispatcherServlet].(): Servlet.service() for servlet [dispatcherServlet] in context with path [] threw exception [Request processing failed: org.springframework.data.redis.RedisConnectionFailureException: Unable to connect to Redis] with root cause
java.net.ConnectException: Connection refused: no further information
	at java.base/sun.nio.ch.Net.pollConnect(Native Method) ~[?:?]
	at java.base/sun.nio.ch.Net.pollConnectNow(Net.java:672) ~[?:?]
	at java.base/sun.nio.ch.SocketChannelImpl.finishConnect(SocketChannelImpl.java:946) ~[?:?]
	at io.netty.channel.socket.nio.NioSocketChannel.doFinishConnect(NioSocketChannel.java:336) ~[netty-transport-4.1.114.Final.jar:4.1.114.Final]
	at io.netty.channel.nio.AbstractNioChannel$AbstractNioUnsafe.finishConnect(AbstractNioChannel.java:339) ~[netty-transport-4.1.114.Final.jar:4.1.114.Final]
	at io.netty.channel.nio.NioEventLoop.processSelectedKey(NioEventLoop.java:776) ~[netty-transport-4.1.114.Final.jar:4.1.114.Final]
	at io.netty.channel.nio.NioEventLoop.processSelectedKeysOptimized(NioEventLoop.java:724) ~[netty-transport-4.1.114.Final.jar:4.1.114.Final]
	at io.netty.channel.nio.NioEventLoop.processSelectedKeys(NioEventLoop.java:650) ~[netty-transport-4.1.114.Final.jar:4.1.114.Final]
	at io.netty.channel.nio.NioEventLoop.run(NioEventLoop.java:562) ~[netty-transport-4.1.114.Final.jar:4.1.114.Final]
	at io.netty.util.concurrent.SingleThreadEventExecutor$4.run(SingleThreadEventExecutor.java:997) ~[netty-common-4.1.114.Final.jar:4.1.114.Final]
	at io.netty.util.internal.ThreadExecutorMap$2.run(ThreadExecutorMap.java:74) ~[netty-common-4.1.114.Final.jar:4.1.114.Final]
	at io.netty.util.concurrent.FastThreadLocalRunnable.run(FastThreadLocalRunnable.java:30) ~[netty-common-4.1.114.Final.jar:4.1.114.Final]
	at java.base/java.lang.Thread.run(Thread.java:833) [?:?]
2024-12-22 18:11:05,178 INFO  [SpringApplicationShutdownHook] c.a.d.p.DruidDataSource.(): {dataSource-0} closing ...
2024-12-22 18:11:07,742 INFO  [main] c.l.b.BlogApplication.(): Starting BlogApplication using Java 17.0.5 with PID 13540 (G:\SpringBootProduct\Blog\lj-blog-starter\target\classes started by PC in G:\SpringBootProduct\Blog)
2024-12-22 18:11:07,748 INFO  [main] c.l.b.BlogApplication.(): No active profile set, falling back to 1 default profile: "default"
2024-12-22 18:11:08,190 INFO  [main] o.s.d.r.c.RepositoryConfigurationDelegate.(): Multiple Spring Data modules found, entering strict repository configuration mode
2024-12-22 18:11:08,191 INFO  [main] o.s.d.r.c.RepositoryConfigurationDelegate.(): Bootstrapping Spring Data Redis repositories in DEFAULT mode.
2024-12-22 18:11:08,219 INFO  [main] o.s.d.r.c.RepositoryConfigurationDelegate.(): Finished Spring Data repository scanning in 19 ms. Found 0 Redis repository interfaces.
2024-12-22 18:11:08,650 INFO  [main] o.s.b.w.e.t.TomcatWebServer.(): Tomcat initialized with port 8085 (http)
2024-12-22 18:11:08,661 INFO  [main] o.a.c.h.Http11NioProtocol.(): Initializing ProtocolHandler ["http-nio-8085"]
2024-12-22 18:11:08,666 INFO  [main] o.a.c.c.StandardService.(): Starting service [Tomcat]
2024-12-22 18:11:08,666 INFO  [main] o.a.c.c.StandardEngine.(): Starting Servlet engine: [Apache Tomcat/10.1.31]
2024-12-22 18:11:08,744 INFO  [main] o.a.c.c.C.[.[.[/].(): Initializing Spring embedded WebApplicationContext
2024-12-22 18:11:08,744 INFO  [main] o.s.b.w.s.c.ServletWebServerApplicationContext.(): Root WebApplicationContext: initialization completed in 960 ms
2024-12-22 18:11:10,349 INFO  [main] o.a.c.h.Http11NioProtocol.(): Starting ProtocolHandler ["http-nio-8085"]
2024-12-22 18:11:10,362 INFO  [main] o.s.b.w.e.t.TomcatWebServer.(): Tomcat started on port 8085 (http) with context path '/'
2024-12-22 18:11:10,367 INFO  [main] c.l.b.BlogApplication.(): Started BlogApplication in 2.95 seconds (process running for 3.713)
2024-12-22 18:11:25,594 INFO  [http-nio-8085-exec-3] o.a.c.c.C.[.[.[/].(): Initializing Spring DispatcherServlet 'dispatcherServlet'
2024-12-22 18:11:25,594 INFO  [http-nio-8085-exec-3] o.s.w.s.DispatcherServlet.(): Initializing Servlet 'dispatcherServlet'
2024-12-22 18:11:25,609 INFO  [http-nio-8085-exec-3] o.s.w.s.DispatcherServlet.(): Completed initialization in 15 ms
2024-12-22 18:24:13,153 INFO  [SpringApplicationShutdownHook] c.a.d.p.DruidDataSource.(): {dataSource-0} closing ...
2024-12-22 18:24:18,571 INFO  [main] c.l.b.BlogApplication.(): Starting BlogApplication using Java 17.0.5 with PID 42772 (G:\SpringBootProduct\Blog\lj-blog-starter\target\classes started by PC in G:\SpringBootProduct\Blog)
2024-12-22 18:24:18,576 INFO  [main] c.l.b.BlogApplication.(): No active profile set, falling back to 1 default profile: "default"
2024-12-22 18:24:18,961 INFO  [main] o.s.d.r.c.RepositoryConfigurationDelegate.(): Multiple Spring Data modules found, entering strict repository configuration mode
2024-12-22 18:24:18,963 INFO  [main] o.s.d.r.c.RepositoryConfigurationDelegate.(): Bootstrapping Spring Data Redis repositories in DEFAULT mode.
2024-12-22 18:24:18,989 INFO  [main] o.s.d.r.c.RepositoryConfigurationDelegate.(): Finished Spring Data repository scanning in 16 ms. Found 0 Redis repository interfaces.
2024-12-22 18:24:19,393 INFO  [main] o.s.b.w.e.t.TomcatWebServer.(): Tomcat initialized with port 8085 (http)
2024-12-22 18:24:19,401 INFO  [main] o.a.c.h.Http11NioProtocol.(): Initializing ProtocolHandler ["http-nio-8085"]
2024-12-22 18:24:19,407 INFO  [main] o.a.c.c.StandardService.(): Starting service [Tomcat]
2024-12-22 18:24:19,408 INFO  [main] o.a.c.c.StandardEngine.(): Starting Servlet engine: [Apache Tomcat/10.1.31]
2024-12-22 18:24:19,466 INFO  [main] o.a.c.c.C.[.[.[/].(): Initializing Spring embedded WebApplicationContext
2024-12-22 18:24:19,466 INFO  [main] o.s.b.w.s.c.ServletWebServerApplicationContext.(): Root WebApplicationContext: initialization completed in 864 ms
2024-12-22 18:24:21,141 INFO  [main] o.a.c.h.Http11NioProtocol.(): Starting ProtocolHandler ["http-nio-8085"]
2024-12-22 18:24:21,152 INFO  [main] o.s.b.w.e.t.TomcatWebServer.(): Tomcat started on port 8085 (http) with context path '/'
2024-12-22 18:24:21,157 INFO  [main] c.l.b.BlogApplication.(): Started BlogApplication in 2.85 seconds (process running for 3.487)
2024-12-22 18:24:33,933 INFO  [http-nio-8085-exec-1] o.a.c.c.C.[.[.[/].(): Initializing Spring DispatcherServlet 'dispatcherServlet'
2024-12-22 18:24:33,933 INFO  [http-nio-8085-exec-1] o.s.w.s.DispatcherServlet.(): Initializing Servlet 'dispatcherServlet'
2024-12-22 18:24:33,933 INFO  [http-nio-8085-exec-1] o.s.w.s.DispatcherServlet.(): Completed initialization in 0 ms
2024-12-22 18:33:28,539 INFO  [SpringApplicationShutdownHook] c.a.d.p.DruidDataSource.(): {dataSource-0} closing ...
